E:\DOWNLOADS\COMPRESSED\COCOS2D-2.1BETA3-X-2.1.1\COCOS2D-2.1BETA3-X-2.1.1\THENEWLINES\PROJ.WIN32\RELEASE.WIN32\WAITINGSCENE.OBJ
E:\DOWNLOADS\COMPRESSED\COCOS2D-2.1BETA3-X-2.1.1\COCOS2D-2.1BETA3-X-2.1.1\THENEWLINES\PROJ.WIN32\RELEASE.WIN32\SHOWCONTROL.OBJ
E:\DOWNLOADS\COMPRESSED\COCOS2D-2.1BETA3-X-2.1.1\COCOS2D-2.1BETA3-X-2.1.1\THENEWLINES\PROJ.WIN32\RELEASE.WIN32\MOVECONTROL.OBJ
E:\DOWNLOADS\COMPRESSED\COCOS2D-2.1BETA3-X-2.1.1\COCOS2D-2.1BETA3-X-2.1.1\THENEWLINES\PROJ.WIN32\RELEASE.WIN32\LOADINGBAR.OBJ
E:\DOWNLOADS\COMPRESSED\COCOS2D-2.1BETA3-X-2.1.1\COCOS2D-2.1BETA3-X-2.1.1\THENEWLINES\PROJ.WIN32\RELEASE.WIN32\HELLOWORLDSCENE.OBJ
E:\DOWNLOADS\COMPRESSED\COCOS2D-2.1BETA3-X-2.1.1\COCOS2D-2.1BETA3-X-2.1.1\THENEWLINES\PROJ.WIN32\RELEASE.WIN32\GENERATE.OBJ
E:\DOWNLOADS\COMPRESSED\COCOS2D-2.1BETA3-X-2.1.1\COCOS2D-2.1BETA3-X-2.1.1\THENEWLINES\PROJ.WIN32\RELEASE.WIN32\CURLTEST.OBJ
E:\DOWNLOADS\COMPRESSED\COCOS2D-2.1BETA3-X-2.1.1\COCOS2D-2.1BETA3-X-2.1.1\THENEWLINES\PROJ.WIN32\RELEASE.WIN32\BACKCONTROL.OBJ
E:\DOWNLOADS\COMPRESSED\COCOS2D-2.1BETA3-X-2.1.1\COCOS2D-2.1BETA3-X-2.1.1\THENEWLINES\PROJ.WIN32\RELEASE.WIN32\APPDELEGATE.OBJ
E:\DOWNLOADS\COMPRESSED\COCOS2D-2.1BETA3-X-2.1.1\COCOS2D-2.1BETA3-X-2.1.1\THENEWLINES\PROJ.WIN32\RELEASE.WIN32\MAIN.OBJ
E:\DOWNLOADS\COMPRESSED\COCOS2D-2.1BETA3-X-2.1.1\COCOS2D-2.1BETA3-X-2.1.1\RELEASE.WIN32\THENEWLINES.WIN32.EXE
E:\DOWNLOADS\COMPRESSED\COCOS2D-2.1BETA3-X-2.1.1\COCOS2D-2.1BETA3-X-2.1.1\THENEWLINES\PROJ.WIN32\RELEASE.WIN32\THENEWLINES.RES
E:\Downloads\Compressed\cocos2d-2.1beta3-x-2.1.1\cocos2d-2.1beta3-x-2.1.1\TheNewLines\proj.win32\Release.win32\AppDelegate.obj
E:\Downloads\Compressed\cocos2d-2.1beta3-x-2.1.1\cocos2d-2.1beta3-x-2.1.1\TheNewLines\proj.win32\Release.win32\BackControl.obj
E:\Downloads\Compressed\cocos2d-2.1beta3-x-2.1.1\cocos2d-2.1beta3-x-2.1.1\TheNewLines\proj.win32\Release.win32\CurlTest.obj
E:\Downloads\Compressed\cocos2d-2.1beta3-x-2.1.1\cocos2d-2.1beta3-x-2.1.1\TheNewLines\proj.win32\Release.win32\Generate.obj
E:\Downloads\Compressed\cocos2d-2.1beta3-x-2.1.1\cocos2d-2.1beta3-x-2.1.1\TheNewLines\proj.win32\Release.win32\HelloWorldScene.obj
E:\Downloads\Compressed\cocos2d-2.1beta3-x-2.1.1\cocos2d-2.1beta3-x-2.1.1\TheNewLines\proj.win32\Release.win32\LoadingBar.obj
E:\Downloads\Compressed\cocos2d-2.1beta3-x-2.1.1\cocos2d-2.1beta3-x-2.1.1\TheNewLines\proj.win32\Release.win32\main.obj
E:\Downloads\Compressed\cocos2d-2.1beta3-x-2.1.1\cocos2d-2.1beta3-x-2.1.1\TheNewLines\proj.win32\Release.win32\MoveControl.obj
E:\Downloads\Compressed\cocos2d-2.1beta3-x-2.1.1\cocos2d-2.1beta3-x-2.1.1\TheNewLines\proj.win32\Release.win32\ShowControl.obj
E:\Downloads\Compressed\cocos2d-2.1beta3-x-2.1.1\cocos2d-2.1beta3-x-2.1.1\TheNewLines\proj.win32\Release.win32\WaitingScene.obj
E:\Downloads\Compressed\cocos2d-2.1beta3-x-2.1.1\cocos2d-2.1beta3-x-2.1.1\TheNewLines\proj.win32\Release.win32\cl.command.1.tlog
E:\Downloads\Compressed\cocos2d-2.1beta3-x-2.1.1\cocos2d-2.1beta3-x-2.1.1\TheNewLines\proj.win32\Release.win32\CL.read.1.tlog
E:\Downloads\Compressed\cocos2d-2.1beta3-x-2.1.1\cocos2d-2.1beta3-x-2.1.1\TheNewLines\proj.win32\Release.win32\CL.write.1.tlog
E:\Downloads\Compressed\cocos2d-2.1beta3-x-2.1.1\cocos2d-2.1beta3-x-2.1.1\TheNewLines\proj.win32\Release.win32\link-cvtres.read.1.tlog
E:\Downloads\Compressed\cocos2d-2.1beta3-x-2.1.1\cocos2d-2.1beta3-x-2.1.1\TheNewLines\proj.win32\Release.win32\link-cvtres.write.1.tlog
E:\Downloads\Compressed\cocos2d-2.1beta3-x-2.1.1\cocos2d-2.1beta3-x-2.1.1\TheNewLines\proj.win32\Release.win32\link-rc.read.1.tlog
E:\Downloads\Compressed\cocos2d-2.1beta3-x-2.1.1\cocos2d-2.1beta3-x-2.1.1\TheNewLines\proj.win32\Release.win32\link-rc.write.1.tlog
E:\Downloads\Compressed\cocos2d-2.1beta3-x-2.1.1\cocos2d-2.1beta3-x-2.1.1\TheNewLines\proj.win32\Release.win32\link.command.1.tlog
E:\Downloads\Compressed\cocos2d-2.1beta3-x-2.1.1\cocos2d-2.1beta3-x-2.1.1\TheNewLines\proj.win32\Release.win32\link.read.1.tlog
E:\Downloads\Compressed\cocos2d-2.1beta3-x-2.1.1\cocos2d-2.1beta3-x-2.1.1\TheNewLines\proj.win32\Release.win32\link.write.1.tlog
E:\Downloads\Compressed\cocos2d-2.1beta3-x-2.1.1\cocos2d-2.1beta3-x-2.1.1\TheNewLines\proj.win32\Release.win32\rc.command.1.tlog
E:\Downloads\Compressed\cocos2d-2.1beta3-x-2.1.1\cocos2d-2.1beta3-x-2.1.1\TheNewLines\proj.win32\Release.win32\rc.read.1.tlog
E:\Downloads\Compressed\cocos2d-2.1beta3-x-2.1.1\cocos2d-2.1beta3-x-2.1.1\TheNewLines\proj.win32\Release.win32\rc.write.1.tlog
E:\Downloads\Compressed\cocos2d-2.1beta3-x-2.1.1\cocos2d-2.1beta3-x-2.1.1\TheNewLines\proj.win32\Release.win32\TheNewLines.res
E:\Downloads\Compressed\cocos2d-2.1beta3-x-2.1.1\cocos2d-2.1beta3-x-2.1.1\Release.win32\TheNewLines.win32.exe
