E:\DOWNLOADS\COMPRESSED\COCOS2D-2.1BETA3-X-2.1.1\COCOS2D-2.1BETA3-X-2.1.1\THENEWLINES\PROJ.WIN32\DEBUG.WIN32\APPDELEGATE.OBJ
E:\DOWNLOADS\COMPRESSED\COCOS2D-2.1BETA3-X-2.1.1\COCOS2D-2.1BETA3-X-2.1.1\THENEWLINES\PROJ.WIN32\DEBUG.WIN32\BACKCONTROL.OBJ
E:\DOWNLOADS\COMPRESSED\COCOS2D-2.1BETA3-X-2.1.1\COCOS2D-2.1BETA3-X-2.1.1\THENEWLINES\PROJ.WIN32\DEBUG.WIN32\CURLTEST.OBJ
E:\DOWNLOADS\COMPRESSED\COCOS2D-2.1BETA3-X-2.1.1\COCOS2D-2.1BETA3-X-2.1.1\THENEWLINES\PROJ.WIN32\DEBUG.WIN32\GENERATE.OBJ
E:\DOWNLOADS\COMPRESSED\COCOS2D-2.1BETA3-X-2.1.1\COCOS2D-2.1BETA3-X-2.1.1\THENEWLINES\PROJ.WIN32\DEBUG.WIN32\HELLOWORLDSCENE.OBJ
E:\DOWNLOADS\COMPRESSED\COCOS2D-2.1BETA3-X-2.1.1\COCOS2D-2.1BETA3-X-2.1.1\THENEWLINES\PROJ.WIN32\DEBUG.WIN32\LOADINGBAR.OBJ
E:\DOWNLOADS\COMPRESSED\COCOS2D-2.1BETA3-X-2.1.1\COCOS2D-2.1BETA3-X-2.1.1\THENEWLINES\PROJ.WIN32\DEBUG.WIN32\MOVECONTROL.OBJ
E:\DOWNLOADS\COMPRESSED\COCOS2D-2.1BETA3-X-2.1.1\COCOS2D-2.1BETA3-X-2.1.1\THENEWLINES\PROJ.WIN32\DEBUG.WIN32\SHOWCONTROL.OBJ
E:\DOWNLOADS\COMPRESSED\COCOS2D-2.1BETA3-X-2.1.1\COCOS2D-2.1BETA3-X-2.1.1\THENEWLINES\PROJ.WIN32\DEBUG.WIN32\WAITINGSCENE.OBJ
E:\DOWNLOADS\COMPRESSED\COCOS2D-2.1BETA3-X-2.1.1\COCOS2D-2.1BETA3-X-2.1.1\THENEWLINES\PROJ.WIN32\DEBUG.WIN32\MAIN.OBJ
E:\DOWNLOADS\COMPRESSED\COCOS2D-2.1BETA3-X-2.1.1\COCOS2D-2.1BETA3-X-2.1.1\THENEWLINES\PROJ.WIN32\DEBUG.WIN32\VC110.PDB
E:\DOWNLOADS\COMPRESSED\COCOS2D-2.1BETA3-X-2.1.1\COCOS2D-2.1BETA3-X-2.1.1\THENEWLINES\PROJ.WIN32\DEBUG.WIN32\CALLBACKS.OBJ
E:\DOWNLOADS\COMPRESSED\COCOS2D-2.1BETA3-X-2.1.1\COCOS2D-2.1BETA3-X-2.1.1\THENEWLINES\PROJ.WIN32\DEBUG.WIN32\COMPRESS.OBJ
E:\DOWNLOADS\COMPRESSED\COCOS2D-2.1BETA3-X-2.1.1\COCOS2D-2.1BETA3-X-2.1.1\THENEWLINES\PROJ.WIN32\DEBUG.WIN32\HOST.OBJ
E:\DOWNLOADS\COMPRESSED\COCOS2D-2.1BETA3-X-2.1.1\COCOS2D-2.1BETA3-X-2.1.1\THENEWLINES\PROJ.WIN32\DEBUG.WIN32\LIST.OBJ
E:\DOWNLOADS\COMPRESSED\COCOS2D-2.1BETA3-X-2.1.1\COCOS2D-2.1BETA3-X-2.1.1\THENEWLINES\PROJ.WIN32\DEBUG.WIN32\PACKET.OBJ
E:\DOWNLOADS\COMPRESSED\COCOS2D-2.1BETA3-X-2.1.1\COCOS2D-2.1BETA3-X-2.1.1\THENEWLINES\PROJ.WIN32\DEBUG.WIN32\PEER.OBJ
E:\DOWNLOADS\COMPRESSED\COCOS2D-2.1BETA3-X-2.1.1\COCOS2D-2.1BETA3-X-2.1.1\THENEWLINES\PROJ.WIN32\DEBUG.WIN32\PROTOCOL.OBJ
E:\DOWNLOADS\COMPRESSED\COCOS2D-2.1BETA3-X-2.1.1\COCOS2D-2.1BETA3-X-2.1.1\THENEWLINES\PROJ.WIN32\DEBUG.WIN32\UNIX.OBJ
E:\DOWNLOADS\COMPRESSED\COCOS2D-2.1BETA3-X-2.1.1\COCOS2D-2.1BETA3-X-2.1.1\THENEWLINES\PROJ.WIN32\DEBUG.WIN32\WIN32.OBJ
E:\DOWNLOADS\COMPRESSED\COCOS2D-2.1BETA3-X-2.1.1\COCOS2D-2.1BETA3-X-2.1.1\DEBUG.WIN32\THENEWLINES.WIN32.ILK
E:\DOWNLOADS\COMPRESSED\COCOS2D-2.1BETA3-X-2.1.1\COCOS2D-2.1BETA3-X-2.1.1\DEBUG.WIN32\THENEWLINES.WIN32.EXE
E:\DOWNLOADS\COMPRESSED\COCOS2D-2.1BETA3-X-2.1.1\COCOS2D-2.1BETA3-X-2.1.1\DEBUG.WIN32\THENEWLINES.WIN32.PDB
E:\DOWNLOADS\COMPRESSED\COCOS2D-2.1BETA3-X-2.1.1\COCOS2D-2.1BETA3-X-2.1.1\THENEWLINES\PROJ.WIN32\DEBUG.WIN32\THENEWLINES.RES
E:\Downloads\Compressed\cocos2d-2.1beta3-x-2.1.1\cocos2d-2.1beta3-x-2.1.1\TheNewLines\proj.win32\Debug.win32\AppDelegate.obj
E:\Downloads\Compressed\cocos2d-2.1beta3-x-2.1.1\cocos2d-2.1beta3-x-2.1.1\TheNewLines\proj.win32\Debug.win32\BackControl.obj
E:\Downloads\Compressed\cocos2d-2.1beta3-x-2.1.1\cocos2d-2.1beta3-x-2.1.1\TheNewLines\proj.win32\Debug.win32\callbacks.obj
E:\Downloads\Compressed\cocos2d-2.1beta3-x-2.1.1\cocos2d-2.1beta3-x-2.1.1\TheNewLines\proj.win32\Debug.win32\compress.obj
E:\Downloads\Compressed\cocos2d-2.1beta3-x-2.1.1\cocos2d-2.1beta3-x-2.1.1\TheNewLines\proj.win32\Debug.win32\CurlTest.obj
E:\Downloads\Compressed\cocos2d-2.1beta3-x-2.1.1\cocos2d-2.1beta3-x-2.1.1\TheNewLines\proj.win32\Debug.win32\Generate.obj
E:\Downloads\Compressed\cocos2d-2.1beta3-x-2.1.1\cocos2d-2.1beta3-x-2.1.1\TheNewLines\proj.win32\Debug.win32\HelloWorldScene.obj
E:\Downloads\Compressed\cocos2d-2.1beta3-x-2.1.1\cocos2d-2.1beta3-x-2.1.1\TheNewLines\proj.win32\Debug.win32\host.obj
E:\Downloads\Compressed\cocos2d-2.1beta3-x-2.1.1\cocos2d-2.1beta3-x-2.1.1\TheNewLines\proj.win32\Debug.win32\list.obj
E:\Downloads\Compressed\cocos2d-2.1beta3-x-2.1.1\cocos2d-2.1beta3-x-2.1.1\TheNewLines\proj.win32\Debug.win32\LoadingBar.obj
E:\Downloads\Compressed\cocos2d-2.1beta3-x-2.1.1\cocos2d-2.1beta3-x-2.1.1\TheNewLines\proj.win32\Debug.win32\main.obj
E:\Downloads\Compressed\cocos2d-2.1beta3-x-2.1.1\cocos2d-2.1beta3-x-2.1.1\TheNewLines\proj.win32\Debug.win32\MoveControl.obj
E:\Downloads\Compressed\cocos2d-2.1beta3-x-2.1.1\cocos2d-2.1beta3-x-2.1.1\TheNewLines\proj.win32\Debug.win32\packet.obj
E:\Downloads\Compressed\cocos2d-2.1beta3-x-2.1.1\cocos2d-2.1beta3-x-2.1.1\TheNewLines\proj.win32\Debug.win32\peer.obj
E:\Downloads\Compressed\cocos2d-2.1beta3-x-2.1.1\cocos2d-2.1beta3-x-2.1.1\TheNewLines\proj.win32\Debug.win32\protocol.obj
E:\Downloads\Compressed\cocos2d-2.1beta3-x-2.1.1\cocos2d-2.1beta3-x-2.1.1\TheNewLines\proj.win32\Debug.win32\ShowControl.obj
E:\Downloads\Compressed\cocos2d-2.1beta3-x-2.1.1\cocos2d-2.1beta3-x-2.1.1\TheNewLines\proj.win32\Debug.win32\unix.obj
E:\Downloads\Compressed\cocos2d-2.1beta3-x-2.1.1\cocos2d-2.1beta3-x-2.1.1\TheNewLines\proj.win32\Debug.win32\WaitingScene.obj
E:\Downloads\Compressed\cocos2d-2.1beta3-x-2.1.1\cocos2d-2.1beta3-x-2.1.1\TheNewLines\proj.win32\Debug.win32\win32.obj
E:\Downloads\Compressed\cocos2d-2.1beta3-x-2.1.1\cocos2d-2.1beta3-x-2.1.1\TheNewLines\proj.win32\Debug.win32\cl.command.1.tlog
E:\Downloads\Compressed\cocos2d-2.1beta3-x-2.1.1\cocos2d-2.1beta3-x-2.1.1\TheNewLines\proj.win32\Debug.win32\CL.read.1.tlog
E:\Downloads\Compressed\cocos2d-2.1beta3-x-2.1.1\cocos2d-2.1beta3-x-2.1.1\TheNewLines\proj.win32\Debug.win32\CL.write.1.tlog
E:\Downloads\Compressed\cocos2d-2.1beta3-x-2.1.1\cocos2d-2.1beta3-x-2.1.1\TheNewLines\proj.win32\Debug.win32\link-cvtres.read.1.tlog
E:\Downloads\Compressed\cocos2d-2.1beta3-x-2.1.1\cocos2d-2.1beta3-x-2.1.1\TheNewLines\proj.win32\Debug.win32\link-cvtres.write.1.tlog
E:\Downloads\Compressed\cocos2d-2.1beta3-x-2.1.1\cocos2d-2.1beta3-x-2.1.1\TheNewLines\proj.win32\Debug.win32\link-rc.read.1.tlog
E:\Downloads\Compressed\cocos2d-2.1beta3-x-2.1.1\cocos2d-2.1beta3-x-2.1.1\TheNewLines\proj.win32\Debug.win32\link-rc.write.1.tlog
E:\Downloads\Compressed\cocos2d-2.1beta3-x-2.1.1\cocos2d-2.1beta3-x-2.1.1\TheNewLines\proj.win32\Debug.win32\link.2396-cvtres.read.1.tlog
E:\Downloads\Compressed\cocos2d-2.1beta3-x-2.1.1\cocos2d-2.1beta3-x-2.1.1\TheNewLines\proj.win32\Debug.win32\link.2396-cvtres.write.1.tlog
E:\Downloads\Compressed\cocos2d-2.1beta3-x-2.1.1\cocos2d-2.1beta3-x-2.1.1\TheNewLines\proj.win32\Debug.win32\link.2396-rc.read.1.tlog
E:\Downloads\Compressed\cocos2d-2.1beta3-x-2.1.1\cocos2d-2.1beta3-x-2.1.1\TheNewLines\proj.win32\Debug.win32\link.2396-rc.write.1.tlog
E:\Downloads\Compressed\cocos2d-2.1beta3-x-2.1.1\cocos2d-2.1beta3-x-2.1.1\TheNewLines\proj.win32\Debug.win32\link.2396.read.1.tlog
E:\Downloads\Compressed\cocos2d-2.1beta3-x-2.1.1\cocos2d-2.1beta3-x-2.1.1\TheNewLines\proj.win32\Debug.win32\link.2396.write.1.tlog
E:\Downloads\Compressed\cocos2d-2.1beta3-x-2.1.1\cocos2d-2.1beta3-x-2.1.1\TheNewLines\proj.win32\Debug.win32\link.command.1.tlog
E:\Downloads\Compressed\cocos2d-2.1beta3-x-2.1.1\cocos2d-2.1beta3-x-2.1.1\TheNewLines\proj.win32\Debug.win32\link.read.1.tlog
E:\Downloads\Compressed\cocos2d-2.1beta3-x-2.1.1\cocos2d-2.1beta3-x-2.1.1\TheNewLines\proj.win32\Debug.win32\link.write.1.tlog
E:\Downloads\Compressed\cocos2d-2.1beta3-x-2.1.1\cocos2d-2.1beta3-x-2.1.1\TheNewLines\proj.win32\Debug.win32\rc.command.1.tlog
E:\Downloads\Compressed\cocos2d-2.1beta3-x-2.1.1\cocos2d-2.1beta3-x-2.1.1\TheNewLines\proj.win32\Debug.win32\rc.read.1.tlog
E:\Downloads\Compressed\cocos2d-2.1beta3-x-2.1.1\cocos2d-2.1beta3-x-2.1.1\TheNewLines\proj.win32\Debug.win32\rc.write.1.tlog
E:\Downloads\Compressed\cocos2d-2.1beta3-x-2.1.1\cocos2d-2.1beta3-x-2.1.1\TheNewLines\proj.win32\Debug.win32\TheNewLines.res
E:\Downloads\Compressed\cocos2d-2.1beta3-x-2.1.1\cocos2d-2.1beta3-x-2.1.1\TheNewLines\proj.win32\Debug.win32\vc110.idb
E:\Downloads\Compressed\cocos2d-2.1beta3-x-2.1.1\cocos2d-2.1beta3-x-2.1.1\TheNewLines\proj.win32\Debug.win32\vc110.pdb
E:\Downloads\Compressed\cocos2d-2.1beta3-x-2.1.1\cocos2d-2.1beta3-x-2.1.1\Debug.win32\TheNewLines.win32.pdb
E:\Downloads\Compressed\cocos2d-2.1beta3-x-2.1.1\cocos2d-2.1beta3-x-2.1.1\Debug.win32\TheNewLines.win32.exe
E:\Downloads\Compressed\cocos2d-2.1beta3-x-2.1.1\cocos2d-2.1beta3-x-2.1.1\Debug.win32\TheNewLines.win32.ilk
